ChkTeX v1.7.6 - Copyright 1995-96 Jens T. Berger Thielemann.
Compiled with PCRE regex support.
No errors printed; One warning printed; 212 user suppressed warnings; No line suppressed warnings.
See the manual for how to suppress some or all of these warnings/errors.
Rc files read:
  /usr/local/share/latexmk/LatexMk
Latexmk: This is Latexmk, John Collins, 29 May 2021, version: 4.74b.
Latexmk: Changing directory to '/compile/installation/'
------------
Running 'internal overleaf_pre_process "installation.tex" "/compile/output.pdf"'
------------
Latexmk: calling overleaf_pre_process( "installation.tex" "/compile/output.pdf" )
Rule 'pdflatex': The following rules & subrules became out-of-date:
      'pdflatex'
------------
Run number 1 of rule 'pdflatex'
------------
------------
Running 'pdflatex  -synctex=1 -interaction=batchmode -recorder --jobname="output" -output-directory="/compile"  "installation.tex"'
------------
Latexmk: Log file says output to '/compile/output.pdf'
------------
Running 'internal overleaf_post_process "installation.tex" "/compile/output.pdf"'
------------
Latexmk: calling overleaf_post_process( "installation.tex" "/compile/output.pdf" )
Latexmk: Undoing directory change
